INFO:prophet:Disabling daily seasonality. Run prophet with daily_seasonality=True to override this.
DEBUG:cmdstanpy:input tempfile: /tmp/tmpdx_ubmay/9v0gj2vy.json
DEBUG:cmdstanpy:input tempfile: /tmp/tmpdx_ubmay/hm4obef5.json
DEBUG:cmdstanpy:idx 0
DEBUG:cmdstanpy:running CmdStan, num_threads: None
DEBUG:cmdstanpy:CmdStan args: ['/home/jds98/10 Academy/Week-3/Pharmaceutical-Sales-Prediction/env/lib/python3.10/site-packages/prophet/stan_model/prophet_model.bin', 'random', 'seed=60599', 'data', 'file=/tmp/tmpdx_ubmay/9v0gj2vy.json', 'init=/tmp/tmpdx_ubmay/hm4obef5.json', 'output', 'file=/tmp/tmpdx_ubmay/prophet_model28iezlaw/prophet_model-20220909131301.csv', 'method=optimize', 'algorithm=lbfgs', 'iter=10000']
INFO:cmdstanpy:Chain [1] start processing
INFO:cmdstanpy:Chain [1] done processing
DEBUG:matplotlib.pyplot:Loaded backend module://matplotlib_inline.backend_inline version unknown.
INFO:prophet:Disabling daily seasonality. Run prophet with daily_seasonality=True to override this.
DEBUG:cmdstanpy:input tempfile: /tmp/tmpdx_ubmay/o1n6vagv.json
DEBUG:cmdstanpy:input tempfile: /tmp/tmpdx_ubmay/p9tymhik.json
DEBUG:cmdstanpy:idx 0
DEBUG:cmdstanpy:running CmdStan, num_threads: None
DEBUG:cmdstanpy:CmdStan args: ['/home/jds98/10 Academy/Week-3/Pharmaceutical-Sales-Prediction/env/lib/python3.10/site-packages/prophet/stan_model/prophet_model.bin', 'random', 'seed=99162', 'data', 'file=/tmp/tmpdx_ubmay/o1n6vagv.json', 'init=/tmp/tmpdx_ubmay/p9tymhik.json', 'output', 'file=/tmp/tmpdx_ubmay/prophet_modelo6bjk1oc/prophet_model-20220909132040.csv', 'method=optimize', 'algorithm=lbfgs', 'iter=10000']
INFO:cmdstanpy:Chain [1] start processing
INFO:cmdstanpy:Chain [1] done processing
INFO:prophet:Disabling daily seasonality. Run prophet with daily_seasonality=True to override this.
DEBUG:cmdstanpy:input tempfile: /tmp/tmpfscf95lu/hbaqsl_u.json
DEBUG:cmdstanpy:input tempfile: /tmp/tmpfscf95lu/d7iz433o.json
DEBUG:cmdstanpy:idx 0
DEBUG:cmdstanpy:running CmdStan, num_threads: None
DEBUG:cmdstanpy:CmdStan args: ['/home/jds98/10 Academy/Week-3/Pharmaceutical-Sales-Prediction/env/lib/python3.10/site-packages/prophet/stan_model/prophet_model.bin', 'random', 'seed=72729', 'data', 'file=/tmp/tmpfscf95lu/hbaqsl_u.json', 'init=/tmp/tmpfscf95lu/d7iz433o.json', 'output', 'file=/tmp/tmpfscf95lu/prophet_modelnsow58l9/prophet_model-20220909141152.csv', 'method=optimize', 'algorithm=lbfgs', 'iter=10000']
INFO:cmdstanpy:Chain [1] start processing
INFO:cmdstanpy:Chain [1] done processing
INFO:prophet:Disabling daily seasonality. Run prophet with daily_seasonality=True to override this.
DEBUG:cmdstanpy:input tempfile: /tmp/tmpfscf95lu/liae0lmb.json
DEBUG:cmdstanpy:input tempfile: /tmp/tmpfscf95lu/e_iwzjne.json
DEBUG:cmdstanpy:idx 0
DEBUG:cmdstanpy:running CmdStan, num_threads: None
DEBUG:cmdstanpy:CmdStan args: ['/home/jds98/10 Academy/Week-3/Pharmaceutical-Sales-Prediction/env/lib/python3.10/site-packages/prophet/stan_model/prophet_model.bin', 'random', 'seed=23477', 'data', 'file=/tmp/tmpfscf95lu/liae0lmb.json', 'init=/tmp/tmpfscf95lu/e_iwzjne.json', 'output', 'file=/tmp/tmpfscf95lu/prophet_modelg66x3ymo/prophet_model-20220909141231.csv', 'method=optimize', 'algorithm=lbfgs', 'iter=10000']
INFO:cmdstanpy:Chain [1] start processing
INFO:cmdstanpy:Chain [1] done processing
INFO:prophet:Disabling daily seasonality. Run prophet with daily_seasonality=True to override this.
DEBUG:cmdstanpy:input tempfile: /tmp/tmpfscf95lu/h48gg45t.json
DEBUG:cmdstanpy:input tempfile: /tmp/tmpfscf95lu/sf1h_cpr.json
DEBUG:cmdstanpy:idx 0
DEBUG:cmdstanpy:running CmdStan, num_threads: None
DEBUG:cmdstanpy:CmdStan args: ['/home/jds98/10 Academy/Week-3/Pharmaceutical-Sales-Prediction/env/lib/python3.10/site-packages/prophet/stan_model/prophet_model.bin', 'random', 'seed=27224', 'data', 'file=/tmp/tmpfscf95lu/h48gg45t.json', 'init=/tmp/tmpfscf95lu/sf1h_cpr.json', 'output', 'file=/tmp/tmpfscf95lu/prophet_modela2f6telx/prophet_model-20220909141302.csv', 'method=optimize', 'algorithm=lbfgs', 'iter=10000']
INFO:cmdstanpy:Chain [1] start processing
INFO:cmdstanpy:Chain [1] done processing
INFO:prophet:Disabling daily seasonality. Run prophet with daily_seasonality=True to override this.
DEBUG:cmdstanpy:input tempfile: /tmp/tmpfscf95lu/iie8gvsw.json
DEBUG:cmdstanpy:input tempfile: /tmp/tmpfscf95lu/446j83sd.json
DEBUG:cmdstanpy:idx 0
DEBUG:cmdstanpy:running CmdStan, num_threads: None
DEBUG:cmdstanpy:CmdStan args: ['/home/jds98/10 Academy/Week-3/Pharmaceutical-Sales-Prediction/env/lib/python3.10/site-packages/prophet/stan_model/prophet_model.bin', 'random', 'seed=22810', 'data', 'file=/tmp/tmpfscf95lu/iie8gvsw.json', 'init=/tmp/tmpfscf95lu/446j83sd.json', 'output', 'file=/tmp/tmpfscf95lu/prophet_modelkolnnwaj/prophet_model-20220909141339.csv', 'method=optimize', 'algorithm=lbfgs', 'iter=10000']
INFO:cmdstanpy:Chain [1] start processing
INFO:cmdstanpy:Chain [1] done processing
INFO:prophet:Disabling daily seasonality. Run prophet with daily_seasonality=True to override this.
DEBUG:cmdstanpy:input tempfile: /tmp/tmpfscf95lu/qbt41jol.json
DEBUG:cmdstanpy:input tempfile: /tmp/tmpfscf95lu/qn0jcupp.json
DEBUG:cmdstanpy:idx 0
DEBUG:cmdstanpy:running CmdStan, num_threads: None
DEBUG:cmdstanpy:CmdStan args: ['/home/jds98/10 Academy/Week-3/Pharmaceutical-Sales-Prediction/env/lib/python3.10/site-packages/prophet/stan_model/prophet_model.bin', 'random', 'seed=63143', 'data', 'file=/tmp/tmpfscf95lu/qbt41jol.json', 'init=/tmp/tmpfscf95lu/qn0jcupp.json', 'output', 'file=/tmp/tmpfscf95lu/prophet_modelv3q9dpg5/prophet_model-20220909141354.csv', 'method=optimize', 'algorithm=lbfgs', 'iter=10000']
INFO:cmdstanpy:Chain [1] start processing
INFO:cmdstanpy:Chain [1] done processing
INFO:prophet:Disabling daily seasonality. Run prophet with daily_seasonality=True to override this.
DEBUG:cmdstanpy:input tempfile: /tmp/tmpfscf95lu/8qisz_fu.json
DEBUG:cmdstanpy:input tempfile: /tmp/tmpfscf95lu/kr2vmwen.json
DEBUG:cmdstanpy:idx 0
DEBUG:cmdstanpy:running CmdStan, num_threads: None
DEBUG:cmdstanpy:CmdStan args: ['/home/jds98/10 Academy/Week-3/Pharmaceutical-Sales-Prediction/env/lib/python3.10/site-packages/prophet/stan_model/prophet_model.bin', 'random', 'seed=58721', 'data', 'file=/tmp/tmpfscf95lu/8qisz_fu.json', 'init=/tmp/tmpfscf95lu/kr2vmwen.json', 'output', 'file=/tmp/tmpfscf95lu/prophet_model31mudsh8/prophet_model-20220909141405.csv', 'method=optimize', 'algorithm=lbfgs', 'iter=10000']
INFO:cmdstanpy:Chain [1] start processing
INFO:cmdstanpy:Chain [1] done processing
INFO:prophet:Disabling daily seasonality. Run prophet with daily_seasonality=True to override this.
DEBUG:cmdstanpy:input tempfile: /tmp/tmpfscf95lu/xlkpcakj.json
DEBUG:cmdstanpy:input tempfile: /tmp/tmpfscf95lu/xqjydi62.json
DEBUG:cmdstanpy:idx 0
DEBUG:cmdstanpy:running CmdStan, num_threads: None
DEBUG:cmdstanpy:CmdStan args: ['/home/jds98/10 Academy/Week-3/Pharmaceutical-Sales-Prediction/env/lib/python3.10/site-packages/prophet/stan_model/prophet_model.bin', 'random', 'seed=74556', 'data', 'file=/tmp/tmpfscf95lu/xlkpcakj.json', 'init=/tmp/tmpfscf95lu/xqjydi62.json', 'output', 'file=/tmp/tmpfscf95lu/prophet_modelkc166l0u/prophet_model-20220909141416.csv', 'method=optimize', 'algorithm=lbfgs', 'iter=10000']
INFO:cmdstanpy:Chain [1] start processing
INFO:cmdstanpy:Chain [1] done processing
INFO:prophet:Disabling daily seasonality. Run prophet with daily_seasonality=True to override this.
DEBUG:cmdstanpy:input tempfile: /tmp/tmpfscf95lu/25g64401.json
DEBUG:cmdstanpy:input tempfile: /tmp/tmpfscf95lu/f1dqb2dg.json
DEBUG:cmdstanpy:idx 0
DEBUG:cmdstanpy:running CmdStan, num_threads: None
DEBUG:cmdstanpy:CmdStan args: ['/home/jds98/10 Academy/Week-3/Pharmaceutical-Sales-Prediction/env/lib/python3.10/site-packages/prophet/stan_model/prophet_model.bin', 'random', 'seed=30065', 'data', 'file=/tmp/tmpfscf95lu/25g64401.json', 'init=/tmp/tmpfscf95lu/f1dqb2dg.json', 'output', 'file=/tmp/tmpfscf95lu/prophet_modelhn990kki/prophet_model-20220909141741.csv', 'method=optimize', 'algorithm=lbfgs', 'iter=10000']
INFO:cmdstanpy:Chain [1] start processing
INFO:cmdstanpy:Chain [1] done processing
DEBUG:matplotlib.pyplot:Loaded backend module://matplotlib_inline.backend_inline version unknown.
INFO:prophet:Disabling daily seasonality. Run prophet with daily_seasonality=True to override this.
DEBUG:cmdstanpy:input tempfile: /tmp/tmpfscf95lu/bmrdsrw5.json
DEBUG:cmdstanpy:input tempfile: /tmp/tmpfscf95lu/a38o20z4.json
DEBUG:cmdstanpy:idx 0
DEBUG:cmdstanpy:running CmdStan, num_threads: None
DEBUG:cmdstanpy:CmdStan args: ['/home/jds98/10 Academy/Week-3/Pharmaceutical-Sales-Prediction/env/lib/python3.10/site-packages/prophet/stan_model/prophet_model.bin', 'random', 'seed=25265', 'data', 'file=/tmp/tmpfscf95lu/bmrdsrw5.json', 'init=/tmp/tmpfscf95lu/a38o20z4.json', 'output', 'file=/tmp/tmpfscf95lu/prophet_modelemjb8jmx/prophet_model-20220909142944.csv', 'method=optimize', 'algorithm=lbfgs', 'iter=10000']
INFO:cmdstanpy:Chain [1] start processing
INFO:cmdstanpy:Chain [1] done processing
